Flow report for sdProject
Tue Apr 17 16:46:06 2018
Quartus II Version 9.1 Build 350 03/24/2010 Service Pack 2 SJ Web Edition


---------------------
; Table of Contents ;
---------------------
  1. Legal Notice
  2. Flow Summary
  3. Flow Settings
  4. Flow Non-Default Global Settings
  5. Flow Elapsed Time
  6. Flow OS Summary
  7. Flow Log



----------------
; Legal Notice ;
----------------
Copyright (C) 1991-2010 Altera Corporation
Your use of Altera Corporation's design tools, logic functions 
and other software and tools, and its AMPP partner logic 
functions, and any output files from any of the foregoing 
(including device programming or simulation files), and any 
associated documentation or information are expressly subject 
to the terms and conditions of the Altera Program License 
Subscription Agreement, Altera MegaCore Function License 
Agreement, or other applicable license agreement, including, 
without limitation, that your use is for the sole purpose of 
programming logic devices manufactured by Altera and sold by 
Altera or its authorized distributors.  Please refer to the 
applicable agreement for further details.



+-----------------------------------------------------------------------------------+
; Flow Summary                                                                      ;
+------------------------------------+----------------------------------------------+
; Flow Status                        ; Successful - Tue Apr 17 16:46:06 2018        ;
; Quartus II Version                 ; 9.1 Build 350 03/24/2010 SP 2 SJ Web Edition ;
; Revision Name                      ; sdProject                                    ;
; Top-level Entity Name              ; sdProjectMain                                ;
; Family                             ; Cyclone IV E                                 ;
; Device                             ; EP4CE115F29C7                                ;
; Timing Models                      ; Preliminary                                  ;
; Met timing requirements            ; N/A                                          ;
; Total logic elements               ; 100 / 114,480 ( < 1 % )                      ;
;     Total combinational functions  ; 100 / 114,480 ( < 1 % )                      ;
;     Dedicated logic registers      ; 0 / 114,480 ( 0 % )                          ;
; Total registers                    ; 0                                            ;
; Total pins                         ; 64 / 529 ( 12 % )                            ;
; Total virtual pins                 ; 0                                            ;
; Total memory bits                  ; 0 / 3,981,312 ( 0 % )                        ;
; Embedded Multiplier 9-bit elements ; 0 / 532 ( 0 % )                              ;
; Total PLLs                         ; 0 / 4 ( 0 % )                                ;
+------------------------------------+----------------------------------------------+


+-----------------------------------------+
; Flow Settings                           ;
+-------------------+---------------------+
; Option            ; Setting             ;
+-------------------+---------------------+
; Start date & time ; 04/17/2018 16:45:41 ;
; Main task         ; Compilation         ;
; Revision Name     ; sdProject           ;
+-------------------+---------------------+


+------------------------------------------------------------------------------------------------------------------------------------+
; Flow Non-Default Global Settings                                                                                                   ;
+---------------------------------------+-----------------------------------------------+---------------+---------------+------------+
; Assignment Name                       ; Value                                         ; Default Value ; Entity Name   ; Section Id ;
+---------------------------------------+-----------------------------------------------+---------------+---------------+------------+
; COMPILER_SIGNATURE_ID                 ; 13557688970218.152399434106920                ; --            ; --            ; --         ;
; CRC_ERROR_OPEN_DRAIN                  ; Off                                           ; On            ; --            ; --         ;
; MAX_CORE_JUNCTION_TEMP                ; 85                                            ; --            ; --            ; --         ;
; MIN_CORE_JUNCTION_TEMP                ; 0                                             ; --            ; --            ; --         ;
; MISC_FILE                             ; C:/Users/gsm3/Desktop/Quartus/sdProject.dpf   ; --            ; --            ; --         ;
; MISC_FILE                             ; C:/Users/sslp/Desktop/sdProject/sdProject.dpf ; --            ; --            ; --         ;
; NOMINAL_CORE_SUPPLY_VOLTAGE           ; 1.2V                                          ; --            ; --            ; --         ;
; PARTITION_COLOR                       ; 16764057                                      ; --            ; sdProjectMain ; Top        ;
; PARTITION_FITTER_PRESERVATION_LEVEL   ; PLACEMENT_AND_ROUTING                         ; --            ; sdProjectMain ; Top        ;
; PARTITION_NETLIST_TYPE                ; SOURCE                                        ; --            ; sdProjectMain ; Top        ;
; PROJECT_OUTPUT_DIRECTORY              ; output_files                                  ; --            ; --            ; --         ;
; SYNCHRONIZATION_REGISTER_CHAIN_LENGTH ; 2                                             ; 3             ; --            ; --         ;
; TOP_LEVEL_ENTITY                      ; sdProjectMain                                 ; sdProject     ; --            ; --         ;
+---------------------------------------+-----------------------------------------------+---------------+---------------+------------+


+-------------------------------------------------------------------------------------------------------------------------------+
; Flow Elapsed Time                                                                                                             ;
+---------------------------+--------------+-------------------------+---------------------+------------------------------------+
; Module Name               ; Elapsed Time ; Average Processors Used ; Peak Virtual Memory ; Total CPU Time (on all processors) ;
+---------------------------+--------------+-------------------------+---------------------+------------------------------------+
; Analysis & Synthesis      ; 00:00:02     ; 1.0                     ; 208 MB              ; 00:00:02                           ;
; Fitter                    ; 00:00:15     ; 1.0                     ; 381 MB              ; 00:00:16                           ;
; Assembler                 ; 00:00:05     ; 1.0                     ; 434 MB              ; 00:00:05                           ;
; TimeQuest Timing Analyzer ; 00:00:02     ; 1.0                     ; 283 MB              ; 00:00:02                           ;
; Total                     ; 00:00:22     ; --                      ; --                  ; 00:00:23                           ;
+---------------------------+--------------+-------------------------+---------------------+------------------------------------+


+--------------------------------------------------------------------------------------------+
; Flow OS Summary                                                                            ;
+---------------------------+------------------+---------------+------------+----------------+
; Module Name               ; Machine Hostname ; OS Name       ; OS Version ; Processor type ;
+---------------------------+------------------+---------------+------------+----------------+
; Analysis & Synthesis      ; HWC11            ; Windows Vista ; 6.1        ; x86_64         ;
; Fitter                    ; HWC11            ; Windows Vista ; 6.1        ; x86_64         ;
; TimeQuest Timing Analyzer ; HWC11            ; Windows Vista ; 6.1        ; x86_64         ;
; Assembler                 ; HWC11            ; Windows Vista ; 6.1        ; x86_64         ;
+---------------------------+------------------+---------------+------------+----------------+


------------
; Flow Log ;
------------
quartus_map --read_settings_files=on --write_settings_files=off sdProject -c sdProject
quartus_fit --read_settings_files=off --write_settings_files=off sdProject -c sdProject
quartus_sta sdProject -c sdProject
quartus_asm --read_settings_files=off --write_settings_files=off sdProject -c sdProject



