Analysis & Synthesis report for sdProject
Tue Apr 17 16:45:43 2018
Quartus II Version 9.1 Build 350 03/24/2010 Service Pack 2 SJ Web Edition


---------------------
; Table of Contents ;
---------------------
  1. Legal Notice
  2. Analysis & Synthesis Summary
  3. Analysis & Synthesis Settings
  4. Parallel Compilation
  5. Analysis & Synthesis Source Files Read
  6. Analysis & Synthesis Resource Usage Summary
  7. Analysis & Synthesis Resource Utilization by Entity
  8. General Register Statistics
  9. Analysis & Synthesis Messages



----------------
; Legal Notice ;
----------------
Copyright (C) 1991-2010 Altera Corporation
Your use of Altera Corporation's design tools, logic functions 
and other software and tools, and its AMPP partner logic 
functions, and any output files from any of the foregoing 
(including device programming or simulation files), and any 
associated documentation or information are expressly subject 
to the terms and conditions of the Altera Program License 
Subscription Agreement, Altera MegaCore Function License 
Agreement, or other applicable license agreement, including, 
without limitation, that your use is for the sole purpose of 
programming logic devices manufactured by Altera and sold by 
Altera or its authorized distributors.  Please refer to the 
applicable agreement for further details.



+-----------------------------------------------------------------------------------+
; Analysis & Synthesis Summary                                                      ;
+------------------------------------+----------------------------------------------+
; Analysis & Synthesis Status        ; Successful - Tue Apr 17 16:45:43 2018        ;
; Quartus II Version                 ; 9.1 Build 350 03/24/2010 SP 2 SJ Web Edition ;
; Revision Name                      ; sdProject                                    ;
; Top-level Entity Name              ; sdProjectMain                                ;
; Family                             ; Cyclone IV E                                 ;
; Total logic elements               ; 100                                          ;
;     Total combinational functions  ; 100                                          ;
;     Dedicated logic registers      ; 0                                            ;
; Total registers                    ; 0                                            ;
; Total pins                         ; 64                                           ;
; Total virtual pins                 ; 0                                            ;
; Total memory bits                  ; 0                                            ;
; Embedded Multiplier 9-bit elements ; 0                                            ;
; Total PLLs                         ; 0                                            ;
+------------------------------------+----------------------------------------------+


+----------------------------------------------------------------------------------------------------------------------+
; Analysis & Synthesis Settings                                                                                        ;
+----------------------------------------------------------------------------+--------------------+--------------------+
; Option                                                                     ; Setting            ; Default Value      ;
+----------------------------------------------------------------------------+--------------------+--------------------+
; Device                                                                     ; EP4CE115F29C7      ;                    ;
; Top-level entity name                                                      ; sdProjectMain      ; sdProject          ;
; Family name                                                                ; Cyclone IV E       ; Cyclone IV GX      ;
; Synchronization Register Chain Length                                      ; 2                  ; 3                  ;
; Use smart compilation                                                      ; Off                ; Off                ;
; Enable parallel Assembler and TimeQuest Timing Analyzer during compilation ; On                 ; On                 ;
; Enable compact report table                                                ; Off                ; Off                ;
; Restructure Multiplexers                                                   ; Auto               ; Auto               ;
; Create Debugging Nodes for IP Cores                                        ; Off                ; Off                ;
; Preserve fewer node names                                                  ; On                 ; On                 ;
; Disable OpenCore Plus hardware evaluation                                  ; Off                ; Off                ;
; Verilog Version                                                            ; Verilog_2001       ; Verilog_2001       ;
; VHDL Version                                                               ; VHDL_1993          ; VHDL_1993          ;
; State Machine Processing                                                   ; Auto               ; Auto               ;
; Safe State Machine                                                         ; Off                ; Off                ;
; Extract Verilog State Machines                                             ; On                 ; On                 ;
; Extract VHDL State Machines                                                ; On                 ; On                 ;
; Ignore Verilog initial constructs                                          ; Off                ; Off                ;
; Iteration limit for constant Verilog loops                                 ; 5000               ; 5000               ;
; Iteration limit for non-constant Verilog loops                             ; 250                ; 250                ;
; Add Pass-Through Logic to Inferred RAMs                                    ; On                 ; On                 ;
; Parallel Synthesis                                                         ; On                 ; On                 ;
; DSP Block Balancing                                                        ; Auto               ; Auto               ;
; NOT Gate Push-Back                                                         ; On                 ; On                 ;
; Power-Up Don't Care                                                        ; On                 ; On                 ;
; Remove Redundant Logic Cells                                               ; Off                ; Off                ;
; Remove Duplicate Registers                                                 ; On                 ; On                 ;
; Ignore CARRY Buffers                                                       ; Off                ; Off                ;
; Ignore CASCADE Buffers                                                     ; Off                ; Off                ;
; Ignore GLOBAL Buffers                                                      ; Off                ; Off                ;
; Ignore ROW GLOBAL Buffers                                                  ; Off                ; Off                ;
; Ignore LCELL Buffers                                                       ; Off                ; Off                ;
; Ignore SOFT Buffers                                                        ; On                 ; On                 ;
; Limit AHDL Integers to 32 Bits                                             ; Off                ; Off                ;
; Optimization Technique                                                     ; Balanced           ; Balanced           ;
; Carry Chain Length                                                         ; 70                 ; 70                 ;
; Auto Carry Chains                                                          ; On                 ; On                 ;
; Auto Open-Drain Pins                                                       ; On                 ; On                 ;
; Perform WYSIWYG Primitive Resynthesis                                      ; Off                ; Off                ;
; Auto ROM Replacement                                                       ; On                 ; On                 ;
; Auto RAM Replacement                                                       ; On                 ; On                 ;
; Auto DSP Block Replacement                                                 ; On                 ; On                 ;
; Auto Shift Register Replacement                                            ; Auto               ; Auto               ;
; Auto Clock Enable Replacement                                              ; On                 ; On                 ;
; Strict RAM Replacement                                                     ; Off                ; Off                ;
; Allow Synchronous Control Signals                                          ; On                 ; On                 ;
; Force Use of Synchronous Clear Signals                                     ; Off                ; Off                ;
; Auto RAM Block Balancing                                                   ; On                 ; On                 ;
; Auto RAM to Logic Cell Conversion                                          ; Off                ; Off                ;
; Auto Resource Sharing                                                      ; Off                ; Off                ;
; Allow Any RAM Size For Recognition                                         ; Off                ; Off                ;
; Allow Any ROM Size For Recognition                                         ; Off                ; Off                ;
; Allow Any Shift Register Size For Recognition                              ; Off                ; Off                ;
; Use LogicLock Constraints during Resource Balancing                        ; On                 ; On                 ;
; Ignore translate_off and synthesis_off directives                          ; Off                ; Off                ;
; Timing-Driven Synthesis                                                    ; On                 ; On                 ;
; Show Parameter Settings Tables in Synthesis Report                         ; On                 ; On                 ;
; Ignore Maximum Fan-Out Assignments                                         ; Off                ; Off                ;
; PowerPlay Power Optimization                                               ; Normal compilation ; Normal compilation ;
; HDL message level                                                          ; Level2             ; Level2             ;
; Suppress Register Optimization Related Messages                            ; Off                ; Off                ;
; Number of Removed Registers Reported in Synthesis Report                   ; 5000               ; 5000               ;
; Number of Inverted Registers Reported in Synthesis Report                  ; 100                ; 100                ;
; Clock MUX Protection                                                       ; On                 ; On                 ;
; Auto Gated Clock Conversion                                                ; Off                ; Off                ;
; Block Design Naming                                                        ; Auto               ; Auto               ;
; SDC constraint protection                                                  ; Off                ; Off                ;
; Synthesis Effort                                                           ; Auto               ; Auto               ;
; Shift Register Replacement - Allow Asynchronous Clear Signal               ; On                 ; On                 ;
; Analysis & Synthesis Message Level                                         ; Medium             ; Medium             ;
; Disable Register Merging Across Hierarchies                                ; Auto               ; Auto               ;
; Resource Aware Inference For Block RAM                                     ; On                 ; On                 ;
+----------------------------------------------------------------------------+--------------------+--------------------+


Parallel compilation was disabled, but you have multiple processors available. Enable parallel compilation to reduce compilation time.
+-------------------------------------+
; Parallel Compilation                ;
+----------------------------+--------+
; Processors                 ; Number ;
+----------------------------+--------+
; Number detected on machine ; 4      ;
; Maximum allowed            ; 1      ;
+----------------------------+--------+


+----------------------------------------------------------------------------------------------------------------------------------------------------------+
; Analysis & Synthesis Source Files Read                                                                                                                   ;
+----------------------------------+-----------------+------------------------------------+----------------------------------------------------------------+
; File Name with User-Entered Path ; Used in Netlist ; File Type                          ; File Name with Absolute Path                                   ;
+----------------------------------+-----------------+------------------------------------+----------------------------------------------------------------+
; sdDecOut.bdf                     ; yes             ; User Block Diagram/Schematic File  ; C:/Users/sslp/Desktop/sdProject/sdDecOut.bdf                   ;
; sdDecIn6correto.bdf              ; yes             ; User Block Diagram/Schematic File  ; C:/Users/sslp/Desktop/sdProject/sdDecIn6correto.bdf            ;
; sdProject_Xor.bdf                ; yes             ; User Block Diagram/Schematic File  ; C:/Users/sslp/Desktop/sdProject/sdProject_Xor.bdf              ;
; sdProject_Mux.bdf                ; yes             ; User Block Diagram/Schematic File  ; C:/Users/sslp/Desktop/sdProject/sdProject_Mux.bdf              ;
; sdProject_And.bdf                ; yes             ; User Block Diagram/Schematic File  ; C:/Users/sslp/Desktop/sdProject/sdProject_And.bdf              ;
; Menor.bdf                        ; yes             ; User Block Diagram/Schematic File  ; C:/Users/sslp/Desktop/sdProject/Menor.bdf                      ;
; Mair.bdf                         ; yes             ; User Block Diagram/Schematic File  ; C:/Users/sslp/Desktop/sdProject/Mair.bdf                       ;
; Igual.bdf                        ; yes             ; User Block Diagram/Schematic File  ; C:/Users/sslp/Desktop/sdProject/Igual.bdf                      ;
; sdProjectComplemento.bdf         ; yes             ; User Block Diagram/Schematic File  ; C:/Users/sslp/Desktop/sdProject/sdProjectComplemento.bdf       ;
; sdProjectDemuxNum.bdf            ; yes             ; User Block Diagram/Schematic File  ; C:/Users/sslp/Desktop/sdProject/sdProjectDemuxNum.bdf          ;
; sdProjectDemuxSelecSub.bdf       ; yes             ; User Block Diagram/Schematic File  ; C:/Users/sslp/Desktop/sdProject/sdProjectDemuxSelecSub.bdf     ;
; sdProjectDemuxSinal.bdf          ; yes             ; User Block Diagram/Schematic File  ; C:/Users/sslp/Desktop/sdProject/sdProjectDemuxSinal.bdf        ;
; sdProjectMain.bdf                ; yes             ; User Block Diagram/Schematic File  ; C:/Users/sslp/Desktop/sdProject/sdProjectMain.bdf              ;
; sdProjectMaiorQueModulo.bdf      ; yes             ; User Block Diagram/Schematic File  ; C:/Users/sslp/Desktop/sdProject/sdProjectMaiorQueModulo.bdf    ;
; sdProjectMeioSomador.bdf         ; yes             ; User Block Diagram/Schematic File  ; C:/Users/sslp/Desktop/sdProject/sdProjectMeioSomador.bdf       ;
; sdProjectMuxDec.bdf              ; yes             ; User Block Diagram/Schematic File  ; C:/Users/sslp/Desktop/sdProject/sdProjectMuxDec.bdf            ;
; sdProjectSomador.bdf             ; yes             ; User Block Diagram/Schematic File  ; C:/Users/sslp/Desktop/sdProject/sdProjectSomador.bdf           ;
; sdProjectSomadorCompleto.bdf     ; yes             ; User Block Diagram/Schematic File  ; C:/Users/sslp/Desktop/sdProject/sdProjectSomadorCompleto.bdf   ;
; sdProjectSomadorESubtrator.bdf   ; yes             ; User Block Diagram/Schematic File  ; C:/Users/sslp/Desktop/sdProject/sdProjectSomadorESubtrator.bdf ;
; sdProjectCompare.bdf             ; yes             ; User Block Diagram/Schematic File  ; C:/Users/sslp/Desktop/sdProject/sdProjectCompare.bdf           ;
; sdProjectULA.bdf                 ; yes             ; User Block Diagram/Schematic File  ; C:/Users/sslp/Desktop/sdProject/sdProjectULA.bdf               ;
+----------------------------------+-----------------+------------------------------------+----------------------------------------------------------------+


+--------------------------------------------------------+
; Analysis & Synthesis Resource Usage Summary            ;
+---------------------------------------------+----------+
; Resource                                    ; Usage    ;
+---------------------------------------------+----------+
; Estimated Total logic elements              ; 100      ;
;                                             ;          ;
; Total combinational functions               ; 100      ;
; Logic element usage by number of LUT inputs ;          ;
;     -- 4 input functions                    ; 75       ;
;     -- 3 input functions                    ; 16       ;
;     -- <=2 input functions                  ; 9        ;
;                                             ;          ;
; Logic elements by mode                      ;          ;
;     -- normal mode                          ; 100      ;
;     -- arithmetic mode                      ; 0        ;
;                                             ;          ;
; Total registers                             ; 0        ;
;     -- Dedicated logic registers            ; 0        ;
;     -- I/O registers                        ; 0        ;
;                                             ;          ;
; I/O pins                                    ; 64       ;
; Maximum fan-out node                        ; B4~input ;
; Maximum fan-out                             ; 19       ;
; Total fan-out                               ; 475      ;
; Average fan-out                             ; 2.08     ;
+---------------------------------------------+----------+


+---------------------------------------------------------------------------------------------------------------------------------------------------------------------------------------------------------------------------------------------------------------------------------------------------------------------------------+
; Analysis & Synthesis Resource Utilization by Entity                                                                                                                                                                                                                                                                             ;
+-------------------------------------------------+-------------------+--------------+-------------+--------------+---------+-----------+------+--------------+----------------------------------------------------------------------------------------------------------------------------------------------------+--------------+
; Compilation Hierarchy Node                      ; LC Combinationals ; LC Registers ; Memory Bits ; DSP Elements ; DSP 9x9 ; DSP 18x18 ; Pins ; Virtual Pins ; Full Hierarchy Name                                                                                                                                ; Library Name ;
+-------------------------------------------------+-------------------+--------------+-------------+--------------+---------+-----------+------+--------------+----------------------------------------------------------------------------------------------------------------------------------------------------+--------------+
; |sdProjectMain                                  ; 100 (0)           ; 0 (0)        ; 0           ; 0            ; 0       ; 0         ; 64   ; 0            ; |sdProjectMain                                                                                                                                     ; work         ;
;    |sdDecIn6correto:inst2|                      ; 8 (8)             ; 0 (0)        ; 0           ; 0            ; 0       ; 0         ; 0    ; 0            ; |sdProjectMain|sdDecIn6correto:inst2                                                                                                               ;              ;
;    |sdDecIn6correto:inst3|                      ; 8 (8)             ; 0 (0)        ; 0           ; 0            ; 0       ; 0         ; 0    ; 0            ; |sdProjectMain|sdDecIn6correto:inst3                                                                                                               ;              ;
;    |sdProjectMuxDec:inst1|                      ; 8 (8)             ; 0 (0)        ; 0           ; 0            ; 0       ; 0         ; 0    ; 0            ; |sdProjectMain|sdProjectMuxDec:inst1                                                                                                               ;              ;
;    |sdProjectMuxDec:inst5|                      ; 18 (18)           ; 0 (0)        ; 0           ; 0            ; 0       ; 0         ; 0    ; 0            ; |sdProjectMain|sdProjectMuxDec:inst5                                                                                                               ;              ;
;    |sdProjectULA:inst|                          ; 58 (0)            ; 0 (0)        ; 0           ; 0            ; 0       ; 0         ; 0    ; 0            ; |sdProjectMain|sdProjectULA:inst                                                                                                                   ;              ;
;       |sdProjectCompare:inst8|                  ; 1 (1)             ; 0 (0)        ; 0           ; 0            ; 0       ; 0         ; 0    ; 0            ; |sdProjectMain|sdProjectULA:inst|sdProjectCompare:inst8                                                                                            ;              ;
;       |sdProjectComplemento:inst3|              ; 1 (0)             ; 0 (0)        ; 0           ; 0            ; 0       ; 0         ; 0    ; 0            ; |sdProjectMain|sdProjectULA:inst|sdProjectComplemento:inst3                                                                                        ;              ;
;          |sdProjectSomador:inst|                ; 1 (0)             ; 0 (0)        ; 0           ; 0            ; 0       ; 0         ; 0    ; 0            ; |sdProjectMain|sdProjectULA:inst|sdProjectComplemento:inst3|sdProjectSomador:inst                                                                  ;              ;
;             |sdProjectSomadorCompleto:inst3|    ; 1 (1)             ; 0 (0)        ; 0           ; 0            ; 0       ; 0         ; 0    ; 0            ; |sdProjectMain|sdProjectULA:inst|sdProjectComplemento:inst3|sdProjectSomador:inst|sdProjectSomadorCompleto:inst3                                   ;              ;
;       |sdProjectSomadorESubtrator:inst2|        ; 34 (5)            ; 0 (0)        ; 0           ; 0            ; 0       ; 0         ; 0    ; 0            ; |sdProjectMain|sdProjectULA:inst|sdProjectSomadorESubtrator:inst2                                                                                  ;              ;
;          |sdProjectComplemento:inst27|          ; 1 (0)             ; 0 (0)        ; 0           ; 0            ; 0       ; 0         ; 0    ; 0            ; |sdProjectMain|sdProjectULA:inst|sdProjectSomadorESubtrator:inst2|sdProjectComplemento:inst27                                                      ;              ;
;             |sdProjectSomador:inst|             ; 1 (0)             ; 0 (0)        ; 0           ; 0            ; 0       ; 0         ; 0    ; 0            ; |sdProjectMain|sdProjectULA:inst|sdProjectSomadorESubtrator:inst2|sdProjectComplemento:inst27|sdProjectSomador:inst                                ;              ;
;                |sdProjectSomadorCompleto:inst2| ; 1 (1)             ; 0 (0)        ; 0           ; 0            ; 0       ; 0         ; 0    ; 0            ; |sdProjectMain|sdProjectULA:inst|sdProjectSomadorESubtrator:inst2|sdProjectComplemento:inst27|sdProjectSomador:inst|sdProjectSomadorCompleto:inst2 ;              ;
;          |sdProjectComplemento:inst28|          ; 1 (0)             ; 0 (0)        ; 0           ; 0            ; 0       ; 0         ; 0    ; 0            ; |sdProjectMain|sdProjectULA:inst|sdProjectSomadorESubtrator:inst2|sdProjectComplemento:inst28                                                      ;              ;
;             |sdProjectSomador:inst|             ; 1 (0)             ; 0 (0)        ; 0           ; 0            ; 0       ; 0         ; 0    ; 0            ; |sdProjectMain|sdProjectULA:inst|sdProjectSomadorESubtrator:inst2|sdProjectComplemento:inst28|sdProjectSomador:inst                                ;              ;
;                |sdProjectSomadorCompleto:inst1| ; 1 (1)             ; 0 (0)        ; 0           ; 0            ; 0       ; 0         ; 0    ; 0            ; |sdProjectMain|sdProjectULA:inst|sdProjectSomadorESubtrator:inst2|sdProjectComplemento:inst28|sdProjectSomador:inst|sdProjectSomadorCompleto:inst1 ;              ;
;          |sdProjectComplemento:inst30|          ; 1 (0)             ; 0 (0)        ; 0           ; 0            ; 0       ; 0         ; 0    ; 0            ; |sdProjectMain|sdProjectULA:inst|sdProjectSomadorESubtrator:inst2|sdProjectComplemento:inst30                                                      ;              ;
;             |sdProjectSomador:inst|             ; 1 (0)             ; 0 (0)        ; 0           ; 0            ; 0       ; 0         ; 0    ; 0            ; |sdProjectMain|sdProjectULA:inst|sdProjectSomadorESubtrator:inst2|sdProjectComplemento:inst30|sdProjectSomador:inst                                ;              ;
;                |sdProjectSomadorCompleto:inst1| ; 1 (1)             ; 0 (0)        ; 0           ; 0            ; 0       ; 0         ; 0    ; 0            ; |sdProjectMain|sdProjectULA:inst|sdProjectSomadorESubtrator:inst2|sdProjectComplemento:inst30|sdProjectSomador:inst|sdProjectSomadorCompleto:inst1 ;              ;
;          |sdProjectDemuxNum:inst24|             ; 4 (4)             ; 0 (0)        ; 0           ; 0            ; 0       ; 0         ; 0    ; 0            ; |sdProjectMain|sdProjectULA:inst|sdProjectSomadorESubtrator:inst2|sdProjectDemuxNum:inst24                                                         ;              ;
;          |sdProjectDemuxNum:inst25|             ; 5 (5)             ; 0 (0)        ; 0           ; 0            ; 0       ; 0         ; 0    ; 0            ; |sdProjectMain|sdProjectULA:inst|sdProjectSomadorESubtrator:inst2|sdProjectDemuxNum:inst25                                                         ;              ;
;          |sdProjectDemuxSelecSub:inst|          ; 4 (4)             ; 0 (0)        ; 0           ; 0            ; 0       ; 0         ; 0    ; 0            ; |sdProjectMain|sdProjectULA:inst|sdProjectSomadorESubtrator:inst2|sdProjectDemuxSelecSub:inst                                                      ;              ;
;          |sdProjectDemuxSinal:inst50|           ; 1 (1)             ; 0 (0)        ; 0           ; 0            ; 0       ; 0         ; 0    ; 0            ; |sdProjectMain|sdProjectULA:inst|sdProjectSomadorESubtrator:inst2|sdProjectDemuxSinal:inst50                                                       ;              ;
;          |sdProjectMaiorQueModulo:inst7|        ; 4 (4)             ; 0 (0)        ; 0           ; 0            ; 0       ; 0         ; 0    ; 0            ; |sdProjectMain|sdProjectULA:inst|sdProjectSomadorESubtrator:inst2|sdProjectMaiorQueModulo:inst7                                                    ;              ;
;          |sdProjectSomador:inst29|              ; 8 (0)             ; 0 (0)        ; 0           ; 0            ; 0       ; 0         ; 0    ; 0            ; |sdProjectMain|sdProjectULA:inst|sdProjectSomadorESubtrator:inst2|sdProjectSomador:inst29                                                          ;              ;
;             |sdProjectMeioSomador:inst|         ; 1 (1)             ; 0 (0)        ; 0           ; 0            ; 0       ; 0         ; 0    ; 0            ; |sdProjectMain|sdProjectULA:inst|sdProjectSomadorESubtrator:inst2|sdProjectSomador:inst29|sdProjectMeioSomador:inst                                ;              ;
;             |sdProjectSomadorCompleto:inst1|    ; 2 (2)             ; 0 (0)        ; 0           ; 0            ; 0       ; 0         ; 0    ; 0            ; |sdProjectMain|sdProjectULA:inst|sdProjectSomadorESubtrator:inst2|sdProjectSomador:inst29|sdProjectSomadorCompleto:inst1                           ;              ;
;             |sdProjectSomadorCompleto:inst2|    ; 2 (2)             ; 0 (0)        ; 0           ; 0            ; 0       ; 0         ; 0    ; 0            ; |sdProjectMain|sdProjectULA:inst|sdProjectSomadorESubtrator:inst2|sdProjectSomador:inst29|sdProjectSomadorCompleto:inst2                           ;              ;
;             |sdProjectSomadorCompleto:inst3|    ; 2 (2)             ; 0 (0)        ; 0           ; 0            ; 0       ; 0         ; 0    ; 0            ; |sdProjectMain|sdProjectULA:inst|sdProjectSomadorESubtrator:inst2|sdProjectSomador:inst29|sdProjectSomadorCompleto:inst3                           ;              ;
;             |sdProjectSomadorCompleto:inst4|    ; 1 (1)             ; 0 (0)        ; 0           ; 0            ; 0       ; 0         ; 0    ; 0            ; |sdProjectMain|sdProjectULA:inst|sdProjectSomadorESubtrator:inst2|sdProjectSomador:inst29|sdProjectSomadorCompleto:inst4                           ;              ;
;       |sdProject_Mux:inst|                      ; 22 (22)           ; 0 (0)        ; 0           ; 0            ; 0       ; 0         ; 0    ; 0            ; |sdProjectMain|sdProjectULA:inst|sdProject_Mux:inst                                                                                                ;              ;
+-------------------------------------------------+-------------------+--------------+-------------+--------------+---------+-----------+------+--------------+----------------------------------------------------------------------------------------------------------------------------------------------------+--------------+
Note: For table entries with two numbers listed, the numbers in parentheses indicate the number of resources of the given type used by the specific entity alone. The numbers listed outside of parentheses indicate the total resources of the given type used by the specific entity and all of its sub-entities in the hierarchy.


+------------------------------------------------------+
; General Register Statistics                          ;
+----------------------------------------------+-------+
; Statistic                                    ; Value ;
+----------------------------------------------+-------+
; Total registers                              ; 0     ;
; Number of registers using Synchronous Clear  ; 0     ;
; Number of registers using Synchronous Load   ; 0     ;
; Number of registers using Asynchronous Clear ; 0     ;
; Number of registers using Asynchronous Load  ; 0     ;
; Number of registers using Clock Enable       ; 0     ;
; Number of registers using Preset             ; 0     ;
+----------------------------------------------+-------+


+-------------------------------+
; Analysis & Synthesis Messages ;
+-------------------------------+
Info: *******************************************************************
Info: Running Quartus II Analysis & Synthesis
    Info: Version 9.1 Build 350 03/24/2010 Service Pack 2 SJ Web Edition
    Info: Processing started: Tue Apr 17 16:45:41 2018
Info: Command: quartus_map --read_settings_files=on --write_settings_files=off sdProject -c sdProject
Info: Found 1 design units, including 1 entities, in source file sddecout.bdf
    Info: Found entity 1: sdDecOut
Info: Found 1 design units, including 1 entities, in source file sddecin6correto.bdf
    Info: Found entity 1: sdDecIn6correto
Info: Found 1 design units, including 1 entities, in source file sdproject_xor.bdf
    Info: Found entity 1: sdProject_Xor
Info: Found 1 design units, including 1 entities, in source file sdproject_mux.bdf
    Info: Found entity 1: sdProject_Mux
Info: Found 1 design units, including 1 entities, in source file sdproject_and.bdf
    Info: Found entity 1: sdProject_And
Info: Found 1 design units, including 1 entities, in source file menor.bdf
    Info: Found entity 1: Menor
Info: Found 1 design units, including 1 entities, in source file mair.bdf
    Info: Found entity 1: Mair
Info: Found 1 design units, including 1 entities, in source file igual.bdf
    Info: Found entity 1: Igual
Info: Found 1 design units, including 1 entities, in source file projectsdunidadesomador.bdf
    Info: Found entity 1: projectSDUnidadeSomador
Info: Found 1 design units, including 1 entities, in source file sdprojectcomplemento.bdf
    Info: Found entity 1: sdProjectComplemento
Info: Found 1 design units, including 1 entities, in source file sdprojectdemuxnum.bdf
    Info: Found entity 1: sdProjectDemuxNum
Info: Found 1 design units, including 1 entities, in source file sdprojectdemuxselecsub.bdf
    Info: Found entity 1: sdProjectDemuxSelecSub
Info: Found 1 design units, including 1 entities, in source file sdprojectdemuxsinal.bdf
    Info: Found entity 1: sdProjectDemuxSinal
Info: Found 1 design units, including 1 entities, in source file sdprojectmain.bdf
    Info: Found entity 1: sdProjectMain
Info: Found 1 design units, including 1 entities, in source file sdprojectmaiorquemodulo.bdf
    Info: Found entity 1: sdProjectMaiorQueModulo
Info: Found 1 design units, including 1 entities, in source file sdprojectmeiosomador.bdf
    Info: Found entity 1: sdProjectMeioSomador
Info: Found 1 design units, including 1 entities, in source file sdprojectmuxdec.bdf
    Info: Found entity 1: sdProjectMuxDec
Info: Found 1 design units, including 1 entities, in source file sdprojectsomador.bdf
    Info: Found entity 1: sdProjectSomador
Info: Found 1 design units, including 1 entities, in source file sdprojectsomadorcompleto.bdf
    Info: Found entity 1: sdProjectSomadorCompleto
Info: Found 1 design units, including 1 entities, in source file sdprojectsomadoresubtrator.bdf
    Info: Found entity 1: sdProjectSomadorESubtrator
Info: Found 1 design units, including 1 entities, in source file sdprojectunidadesomador.bdf
    Info: Found entity 1: sdProjectUnidadeSomador
Info: Found 1 design units, including 1 entities, in source file sdprojectcompare.bdf
    Info: Found entity 1: sdProjectCompare
Info: Found 1 design units, including 1 entities, in source file sdprojectula.bdf
    Info: Found entity 1: sdProjectULA
Info: Elaborating entity "sdProjectMain" for the top level hierarchy
Info: Elaborating entity "sdProjectULA" for hierarchy "sdProjectULA:inst"
Info: Elaborating entity "sdProjectCompare" for hierarchy "sdProjectULA:inst|sdProjectCompare:inst8"
Info: Elaborating entity "Mair" for hierarchy "sdProjectULA:inst|sdProjectCompare:inst8|Mair:inst3"
Info: Elaborating entity "Menor" for hierarchy "sdProjectULA:inst|sdProjectCompare:inst8|Menor:inst2"
Info: Elaborating entity "Igual" for hierarchy "sdProjectULA:inst|sdProjectCompare:inst8|Igual:inst"
Info: Elaborating entity "sdProjectSomadorESubtrator" for hierarchy "sdProjectULA:inst|sdProjectSomadorESubtrator:inst2"
Info: Elaborating entity "sdProjectDemuxNum" for hierarchy "sdProjectULA:inst|sdProjectSomadorESubtrator:inst2|sdProjectDemuxNum:inst26"
Info: Elaborating entity "sdProjectComplemento" for hierarchy "sdProjectULA:inst|sdProjectSomadorESubtrator:inst2|sdProjectComplemento:inst30"
Info: Elaborating entity "sdProjectSomador" for hierarchy "sdProjectULA:inst|sdProjectSomadorESubtrator:inst2|sdProjectComplemento:inst30|sdProjectSomador:inst"
Info: Elaborating entity "sdProjectSomadorCompleto" for hierarchy "sdProjectULA:inst|sdProjectSomadorESubtrator:inst2|sdProjectComplemento:inst30|sdProjectSomador:inst|sdProjectSomadorCompleto:inst1"
Info: Elaborating entity "sdProjectMeioSomador" for hierarchy "sdProjectULA:inst|sdProjectSomadorESubtrator:inst2|sdProjectComplemento:inst30|sdProjectSomador:inst|sdProjectMeioSomador:inst"
Info: Elaborating entity "sdProjectDemuxSelecSub" for hierarchy "sdProjectULA:inst|sdProjectSomadorESubtrator:inst2|sdProjectDemuxSelecSub:inst"
Info: Elaborating entity "sdProjectDemuxSinal" for hierarchy "sdProjectULA:inst|sdProjectSomadorESubtrator:inst2|sdProjectDemuxSinal:inst50"
Info: Elaborating entity "sdProjectMaiorQueModulo" for hierarchy "sdProjectULA:inst|sdProjectSomadorESubtrator:inst2|sdProjectMaiorQueModulo:inst7"
Info: Elaborating entity "sdProject_Mux" for hierarchy "sdProjectULA:inst|sdProject_Mux:inst"
Info: Elaborating entity "sdProject_And" for hierarchy "sdProjectULA:inst|sdProject_And:inst1"
Info: Elaborating entity "sdProject_Xor" for hierarchy "sdProjectULA:inst|sdProject_Xor:inst4"
Info: Elaborating entity "sdDecIn6correto" for hierarchy "sdDecIn6correto:inst2"
Info: Elaborating entity "sdProjectMuxDec" for hierarchy "sdProjectMuxDec:inst1"
Info: Elaborating entity "sdDecOut" for hierarchy "sdDecOut:inst4"
Warning: Output pins are stuck at VCC or GND
    Warning (13410): Pin "ADEZB" is stuck at GND
    Warning (13410): Pin "ADEZC" is stuck at GND
    Warning (13410): Pin "ADEZG" is stuck at VCC
    Warning (13410): Pin "BDEZB" is stuck at GND
    Warning (13410): Pin "BDEZC" is stuck at GND
    Warning (13410): Pin "BDEZG" is stuck at VCC
Info: Timing-Driven Synthesis is running
Info: Implemented 164 device resources after synthesis - the final resource count might be different
    Info: Implemented 13 input pins
    Info: Implemented 51 output pins
    Info: Implemented 100 logic cells
Info: Quartus II Analysis & Synthesis was successful. 0 errors, 8 warnings
    Info: Peak virtual memory: 209 megabytes
    Info: Processing ended: Tue Apr 17 16:45:43 2018
    Info: Elapsed time: 00:00:02
    Info: Total CPU time (on all processors): 00:00:02


